<?xml version="1.0" encoding="UTF-8"?>
<!-- Generated by org.testng.reporters.JUnitReportReporter -->
<testsuite hostname="JAI" failures="0" tests="1" name="TESTDEMO.AmazonLogin" time="9.211" errors="0" timestamp="2024-04-26T22:13:50 IST" skipped="0">
  <testcase classname="TESTDEMO.AmazonLogin" name="f" time="9.211"/>
  <system-out/>
</testsuite> <!-- TESTDEMO.AmazonLogin -->
