<?xml version="1.0" encoding="UTF-8"?>
<!-- Generated by org.testng.reporters.JUnitReportReporter -->
<testsuite hostname="JAI" failures="0" tests="1" name="TESTDEMO.QclickParctice2" time="18.521" errors="0" timestamp="2024-05-01T09:05:56 IST" skipped="0">
  <testcase classname="TESTDEMO.QclickParctice2" name="WelcomePage" time="18.521"/>
  <system-out/>
</testsuite> <!-- TESTDEMO.QclickParctice2 -->
