<?xml version="1.0" encoding="UTF-8"?>
<!-- Generated by org.testng.reporters.JUnitReportReporter -->
<testsuite hostname="JAI" failures="0" tests="1" name="TESTDEMO.qclicktest" time="25.959" errors="0" timestamp="2024-04-28T19:19:02 IST" skipped="0">
  <testcase classname="TESTDEMO.qclicktest" name="f" time="25.959"/>
  <system-out/>
</testsuite> <!-- TESTDEMO.qclicktest -->
