<?xml version="1.0" encoding="UTF-8"?>
<!-- Generated by org.testng.reporters.JUnitReportReporter -->
<testsuite hostname="JAI" failures="0" tests="1" name="TESTDEMO.AmazonLogin" time="5.819" errors="0" timestamp="2024-04-25T08:29:43 IST" skipped="0">
  <testcase classname="TESTDEMO.AmazonLogin" name="f" time="5.819"/>
  <system-out/>
</testsuite> <!-- TESTDEMO.AmazonLogin -->
